生成启动时间为 2019/10/8 17:09:33。
     1>项目“C:\Users\Kevin\Desktop\webServer\webServer\webServer.vcxproj”在节点 2 上(Build 个目标)。
     1>InitializeBuildStatus:
         正在创建“C:\Users\Kevin\Desktop\webServer\webServer\obj\x64\Debug\webServer.tlog\unsuccessfulbuild”，因为已指定“AlwaysCreate”。
       _ValidateSources:
         Validating sources
       _CopySources:
         Copying sources remotely to '192.168.237.131'
         Skipping 'C:\Users\Kevin\Desktop\webServer\webServer\main.cpp', as it is up to date.
         Copying file 'C:\Users\Kevin\Desktop\webServer\webServer\server.cpp' to '/home/robin/projects/webServer/server.cpp'
         Skipping 'C:\Users\Kevin\Desktop\webServer\webServer\server.h', as it is up to date.
       _ValidateValidArchitecture:
         Validating architecture
         Current project architecture 'x64' is compatible with the remote system architecture 'x64' ('x64').
       ClCompile:
         Starting remote build
         Compiling sources:
         Skipping 'C:\Users\Kevin\Desktop\webServer\webServer\main.cpp', as it is up to date.
         Invoking 'g++'
         g++ -c -x c++ /home/robin/projects/webServer/server.cpp -I /home/robin/projects/webServer/../../../../../Linux/include -g2 -gdwarf-2 -o "/home/robin/projects/webServer/obj/x64/Debug/server.o" -Wall -Wswitch -W"no-deprecated-declarations" -W"empty-body" -Wconversion -W"return-type" -Wparentheses -W"no-format" -Wuninitialized -W"unreachable-code" -W"unused-function" -W"unused-value" -W"unused-variable" -O0 -fno-strict-aliasing -fno-omit-frame-pointer -fthreadsafe-statics -fexceptions -frtti -std=c++11
         server.cpp
         /home/robin/projects/webServer/server.cpp: In function ‘int recvHttpRequest(int, int)’:
         /home/robin/projects/webServer/server.cpp:133:14: warning: conversion to ‘int’ from ‘ssize_t {aka long int}’ may alter its value [-Wconversion]
           while ((len = read(cfd, buf, sizeof(buf))) > 0)
                       ^
         /home/robin/projects/webServer/server.cpp:148:26: warning: conversion to ‘int’ from ‘long int’ may alter its value [-Wconversion]
             int reqLineLen = pt - recvMsg;
                                   ^
         /home/robin/projects/webServer/server.cpp: In function ‘int parseRequestLine(int, const char*)’:
         /home/robin/projects/webServer/server.cpp:220:8: warning: ISO C++ forbids converting a string constant to ‘char*’ [-Wwrite-strings]
            file = "./";
                 ^
         /home/robin/projects/webServer/server.cpp: In function ‘int sendFile(int, const char*)’:
         /home/robin/projects/webServer/server.cpp:306:14: warning: conversion to ‘int’ from ‘ssize_t {aka long int}’ may alter its value [-Wconversion]
           while ((len = read(fd, buf, sizeof(buf))) > 0)
                       ^
         /home/robin/projects/webServer/server.cpp: In function ‘int sendDir(int, const char*)’:
         /home/robin/projects/webServer/server.cpp:391:7: warning: unused variable ‘ret’ [-Wunused-variable]
            int ret = stat(subPath, &st);
                ^
         /home/robin/projects/webServer/server.cpp: In function ‘void decodeMsg(char*, char*)’:
         /home/robin/projects/webServer/server.cpp:457:8: warning: conversion to ‘char’ from ‘int’ may alter its value [-Wconversion]
             *to = hexit(from[1]) * 16 + hexit(from[2]);
                 ^
         
     1>C:\Users\Kevin\Desktop\webServer\webServer\server.cpp(133,14): warning : conversion to ‘int’ from ‘ssize_t {aka long int}’ may alter its value [-Wconversion]
C:\Users\Kevin\Desktop\webServer\webServer\server.cpp(133,14): warning :   while ((len = read(cfd, buf, sizeof(buf))) > 0)
C:\Users\Kevin\Desktop\webServer\webServer\server.cpp(133,14): warning :               ^
     1>C:\Users\Kevin\Desktop\webServer\webServer\server.cpp(148,26): warning : conversion to ‘int’ from ‘long int’ may alter its value [-Wconversion]
C:\Users\Kevin\Desktop\webServer\webServer\server.cpp(148,26): warning :     int reqLineLen = pt - recvMsg;
C:\Users\Kevin\Desktop\webServer\webServer\server.cpp(148,26): warning :                           ^
     1>C:\Users\Kevin\Desktop\webServer\webServer\server.cpp(220,8): warning : ISO C++ forbids converting a string constant to ‘char*’ [-Wwrite-strings]
C:\Users\Kevin\Desktop\webServer\webServer\server.cpp(220,8): warning :    file = "./";
C:\Users\Kevin\Desktop\webServer\webServer\server.cpp(220,8): warning :         ^
     1>C:\Users\Kevin\Desktop\webServer\webServer\server.cpp(306,14): warning : conversion to ‘int’ from ‘ssize_t {aka long int}’ may alter its value [-Wconversion]
C:\Users\Kevin\Desktop\webServer\webServer\server.cpp(306,14): warning :   while ((len = read(fd, buf, sizeof(buf))) > 0)
C:\Users\Kevin\Desktop\webServer\webServer\server.cpp(306,14): warning :               ^
     1>C:\Users\Kevin\Desktop\webServer\webServer\server.cpp(391,7): warning : unused variable ‘ret’ [-Wunused-variable]
C:\Users\Kevin\Desktop\webServer\webServer\server.cpp(391,7): warning :    int ret = stat(subPath, &st);
C:\Users\Kevin\Desktop\webServer\webServer\server.cpp(391,7): warning :        ^
     1>C:\Users\Kevin\Desktop\webServer\webServer\server.cpp(457,8): warning : conversion to ‘char’ from ‘int’ may alter its value [-Wconversion]
C:\Users\Kevin\Desktop\webServer\webServer\server.cpp(457,8): warning :     *to = hexit(from[1]) * 16 + hexit(from[2]);
C:\Users\Kevin\Desktop\webServer\webServer\server.cpp(457,8): warning :         ^
         Done compiling '/home/robin/projects/webServer/server.cpp'
       Link:
         Linking objects
         Invoking 'ld'
         g++ -o "/home/robin/projects/webServer/bin/x64/Debug/webServer.out" -Wl,--no-undefined -Wl,-z,relro -Wl,-z,now -Wl,-z,noexecstack /home/robin/projects/webServer/obj/x64/Debug/main.o /home/robin/projects/webServer/obj/x64/Debug/server.o
         Done linking, output file name: '/home/robin/projects/webServer/bin/x64/Debug/webServer.out'
         Copying file '/home/robin/projects/webServer/bin/x64/Debug/webServer.out' to 'C:\Users\Kevin\Desktop\webServer\webServer\bin\x64\Debug\webServer.out'
         webServer.vcxproj -> C:\Users\Kevin\Desktop\webServer\webServer\bin\x64\Debug\webServer.out
       FinalizeBuildStatus:
         正在删除文件“C:\Users\Kevin\Desktop\webServer\webServer\obj\x64\Debug\webServer.tlog\unsuccessfulbuild”。
         正在对“C:\Users\Kevin\Desktop\webServer\webServer\obj\x64\Debug\webServer.tlog\webServer.lastbuildstate”执行 Touch 任务。
     1>已完成生成项目“C:\Users\Kevin\Desktop\webServer\webServer\webServer.vcxproj”(Build 个目标)的操作。

已成功生成。

       “C:\Users\Kevin\Desktop\webServer\webServer\webServer.vcxproj”(Build 目标) (1) ->
       (ClCompile 目标) -> 
         C:\Users\Kevin\Desktop\webServer\webServer\server.cpp(133,14): warning : conversion to ‘int’ from ‘ssize_t {aka long int}’ may alter its value [-Wconversion]
       C:\Users\Kevin\Desktop\webServer\webServer\server.cpp(133,14): warning :   while ((len = read(cfd, buf, sizeof(buf))) > 0)
       C:\Users\Kevin\Desktop\webServer\webServer\server.cpp(133,14): warning :               ^
         C:\Users\Kevin\Desktop\webServer\webServer\server.cpp(148,26): warning : conversion to ‘int’ from ‘long int’ may alter its value [-Wconversion]
       C:\Users\Kevin\Desktop\webServer\webServer\server.cpp(148,26): warning :     int reqLineLen = pt - recvMsg;
       C:\Users\Kevin\Desktop\webServer\webServer\server.cpp(148,26): warning :                           ^
         C:\Users\Kevin\Desktop\webServer\webServer\server.cpp(220,8): warning : ISO C++ forbids converting a string constant to ‘char*’ [-Wwrite-strings]
       C:\Users\Kevin\Desktop\webServer\webServer\server.cpp(220,8): warning :    file = "./";
       C:\Users\Kevin\Desktop\webServer\webServer\server.cpp(220,8): warning :         ^
         C:\Users\Kevin\Desktop\webServer\webServer\server.cpp(306,14): warning : conversion to ‘int’ from ‘ssize_t {aka long int}’ may alter its value [-Wconversion]
       C:\Users\Kevin\Desktop\webServer\webServer\server.cpp(306,14): warning :   while ((len = read(fd, buf, sizeof(buf))) > 0)
       C:\Users\Kevin\Desktop\webServer\webServer\server.cpp(306,14): warning :               ^
         C:\Users\Kevin\Desktop\webServer\webServer\server.cpp(391,7): warning : unused variable ‘ret’ [-Wunused-variable]
       C:\Users\Kevin\Desktop\webServer\webServer\server.cpp(391,7): warning :    int ret = stat(subPath, &st);
       C:\Users\Kevin\Desktop\webServer\webServer\server.cpp(391,7): warning :        ^
         C:\Users\Kevin\Desktop\webServer\webServer\server.cpp(457,8): warning : conversion to ‘char’ from ‘int’ may alter its value [-Wconversion]
       C:\Users\Kevin\Desktop\webServer\webServer\server.cpp(457,8): warning :     *to = hexit(from[1]) * 16 + hexit(from[2]);
       C:\Users\Kevin\Desktop\webServer\webServer\server.cpp(457,8): warning :         ^

    6 个警告
    0 个错误

已用时间 00:00:07.49
